<?xml version="1.0" encoding="UTF-8"?>
<!-- Generated by org.testng.reporters.JUnitReportReporter -->
<testsuite hostname="LAPTOP-9F9I4RRU" failures="0" tests="1" name="com.automation_cs.TestDriver" time="184.376" errors="0" timestamp="2022-09-12T22:00:33 IST" skipped="0">
  <testcase classname="com.automation_cs.TestDriver" name="test" time="184.376"/>
  <system-out>
    <![CDATA[Selected the value as country_inputfrom the drop down
User is able to click the button
Mouse hover performed on the elementShop_Lbl
User is able to click the button
User is able to add 3 items to the Cart page by clicking the selected items
User is able to click the button
User is able to click the button
The text is - Don't forget to add your free item!
Buy 3 Get 1 Free for Colors, Glitters, Designs and French
User is able to click the button
User is able to click the button
User is able to enter the 07512 to the text box
User is able to click the button
User is able to click the button
User is able to enter the James to the text box
User is able to enter the Smith to the text box
User is able to enter the street NY to the text box
User is able to enter the street LA to the text box
User is able to enter the Delaware to the text box
Selected the value as province_inputfrom the drop down
User is able to enter the 07512 to the text box
User is able to enter the jamessmith@test.com to the text box
User is able to enter the 1234567890 to the text box
User is able to click the button
User is able to click the button]]>
  </system-out>
</testsuite> <!-- com.automation_cs.TestDriver -->
